INFO:root: noDefense: False
INFO:root:Backdoor Train Size: 800 Backdoor Test Size: 1000
INFO:root:size of test data 7600
INFO:root:attack from epoch 100
INFO:root:Test Accuracy of loaded global Model is: 25.039473684210527
INFO:root:================FL round 1 Begins ===================
INFO:root:[False, False, False, False, False, False, False, False, False, False]
INFO:root:FL Epoch: 1 Workers Selected : [13, 18, 62, 60, 65, 84, 37, 48, 19, 63]
INFO:root:FL Epoch: 1 Fraction of points on each worker in this round: [0.0388704  0.05497691 0.03908515 0.10479974 0.10447761 0.08525717
 0.15097176 0.17148073 0.12734887 0.12273167]
INFO:root:FL Epoch: 1 Num points on workers: [ 362  512  364  976  973  794 1406 1597 1186 1143]
INFO:root:--------------------------
INFO:root:FL Epoch: 1 Training on worker :13
INFO:root:FL Epoch: 1 Using Learning rate : 0.05 
INFO:root:FL Epoch: 1 Normal Training
INFO:root:FL Epoch: 1 Norm Difference for worker 13 is 0.711902
INFO:root:FL Epoch: 1 Done on worker:13
INFO:root:--------------------------
INFO:root:Will aggregate after defense
INFO:root:FL Epoch: 1 Training on worker :18
INFO:root:FL Epoch: 1 Using Learning rate : 0.05 
INFO:root:FL Epoch: 1 Normal Training
INFO:root:FL Epoch: 1 Norm Difference for worker 18 is 0.915766
INFO:root:FL Epoch: 1 Done on worker:18
INFO:root:--------------------------
INFO:root:Will aggregate after defense
INFO:root:FL Epoch: 1 Training on worker :62
INFO:root:FL Epoch: 1 Using Learning rate : 0.05 
INFO:root:FL Epoch: 1 Normal Training
INFO:root:FL Epoch: 1 Norm Difference for worker 62 is 1.049931
INFO:root:FL Epoch: 1 Done on worker:62
INFO:root:--------------------------
INFO:root:Will aggregate after defense
INFO:root:FL Epoch: 1 Training on worker :60
INFO:root:FL Epoch: 1 Using Learning rate : 0.05 
INFO:root:FL Epoch: 1 Normal Training
INFO:root:FL Epoch: 1 Norm Difference for worker 60 is 1.630252
INFO:root:FL Epoch: 1 Done on worker:60
INFO:root:--------------------------
INFO:root:Will aggregate after defense
INFO:root:FL Epoch: 1 Training on worker :65
INFO:root:FL Epoch: 1 Using Learning rate : 0.05 
INFO:root:FL Epoch: 1 Normal Training
INFO:root:FL Epoch: 1 Norm Difference for worker 65 is 1.174781
INFO:root:FL Epoch: 1 Done on worker:65
INFO:root:--------------------------
INFO:root:Will aggregate after defense
INFO:root:FL Epoch: 1 Training on worker :84
INFO:root:FL Epoch: 1 Using Learning rate : 0.05 
INFO:root:FL Epoch: 1 Normal Training
INFO:root:FL Epoch: 1 Norm Difference for worker 84 is 1.269091
INFO:root:FL Epoch: 1 Done on worker:84
INFO:root:--------------------------
INFO:root:Will aggregate after defense
INFO:root:FL Epoch: 1 Training on worker :37
INFO:root:FL Epoch: 1 Using Learning rate : 0.05 
INFO:root:FL Epoch: 1 Normal Training
INFO:root:FL Epoch: 1 Norm Difference for worker 37 is 1.147606
INFO:root:FL Epoch: 1 Done on worker:37
INFO:root:--------------------------
INFO:root:Will aggregate after defense
INFO:root:FL Epoch: 1 Training on worker :48
INFO:root:FL Epoch: 1 Using Learning rate : 0.05 
INFO:root:FL Epoch: 1 Normal Training
INFO:root:FL Epoch: 1 Norm Difference for worker 48 is 2.031792
INFO:root:FL Epoch: 1 Done on worker:48
INFO:root:--------------------------
INFO:root:Will aggregate after defense
INFO:root:FL Epoch: 1 Training on worker :19
INFO:root:FL Epoch: 1 Using Learning rate : 0.05 
INFO:root:FL Epoch: 1 Normal Training
INFO:root:FL Epoch: 1 Norm Difference for worker 19 is 0.905058
INFO:root:FL Epoch: 1 Done on worker:19
INFO:root:--------------------------
INFO:root:Will aggregate after defense
INFO:root:FL Epoch: 1 Training on worker :63
INFO:root:FL Epoch: 1 Using Learning rate : 0.05 
INFO:root:FL Epoch: 1 Normal Training
INFO:root:FL Epoch: 1 Norm Difference for worker 63 is 1.346605
INFO:root:FL Epoch: 1 Done on worker:63
INFO:root:--------------------------
INFO:root:Will aggregate after defense
INFO:root:Norm Weight Diff: 0.7119023203849792, Norm Clipped Weight Diff 0.7119023203849792
INFO:root:Norm Weight Diff: 0.9157660007476807, Norm Clipped Weight Diff 0.9157660007476807
INFO:root:Norm Weight Diff: 1.0499310493469238, Norm Clipped Weight Diff 0.9999999403953552
INFO:root:Norm Weight Diff: 1.6302515268325806, Norm Clipped Weight Diff 1.0
INFO:root:Norm Weight Diff: 1.1747806072235107, Norm Clipped Weight Diff 1.0
INFO:root:Norm Weight Diff: 1.269091248512268, Norm Clipped Weight Diff 1.0
INFO:root:Norm Weight Diff: 1.1476056575775146, Norm Clipped Weight Diff 0.9999999403953552
INFO:root:Norm Weight Diff: 2.031791925430298, Norm Clipped Weight Diff 0.9999999403953552
INFO:root:Norm Weight Diff: 0.9050578474998474, Norm Clipped Weight Diff 0.9050578474998474
INFO:root:Norm Weight Diff: 1.3466050624847412, Norm Clipped Weight Diff 1.0
INFO:root:Aggregating After Defense
INFO:root:FL Epoch: 1 Saving Best Checkpoint at this epoch.
INFO:root:FL Epoch: 1 Saved Best Checkpoint at this epoch.
INFO:root:================FL round 1 Ends   ===================
INFO:root:Epoch:1 Global Model Test Loss:7.643574237823486 and Test Accuracy:25.539473684210527 
INFO:root:Epoch:1 Global Model Backdoor Test Loss:6.142601490020752                             and Backdoor Test Accuracy:0.5 
INFO:root:=======================================================
INFO:root:================FL round 2 Begins ===================
INFO:root:[False, False, False, False, False, False, False, False, False, False]
INFO:root:FL Epoch: 2 Workers Selected : [6, 99, 7, 28, 57, 51, 13, 39, 11, 97]
INFO:root:FL Epoch: 2 Fraction of points on each worker in this round: [0.08398134 0.03907465 0.24688958 0.01030327 0.12752722 0.11489114
 0.07037325 0.0779549  0.15377138 0.07523328]
INFO:root:FL Epoch: 2 Num points on workers: [ 432  201 1270   53  656  591  362  401  791  387]
INFO:root:--------------------------
INFO:root:FL Epoch: 2 Training on worker :6
INFO:root:FL Epoch: 2 Using Learning rate : 0.0499 
INFO:root:FL Epoch: 2 Normal Training
